********************************************************************************
PACKAGE-LOG: 2016-02-12 22:20:55
NOTICE: Do NOT post to public sites or forums 
********************************************************************************
VERSION:	1.1.4
WORDPRESS:	4.2.6
PHP INFO:	5.5.24 | SAPI: apache2handler
SERVER:		Apache/2.4.12 (Win32) OpenSSL/1.0.1l PHP/5.5.24 
PHP TIME LIMIT: (0) no time limit imposed 
PHP MAX MEMORY: 5000M (512M default) 
MEMORY STACK: 19.5MB 

********************************************************************************
DATABASE:
********************************************************************************
BUILD MODE:   PHP(query limit - 100)
MYSQLTIMEOUT: 5000
MYSQLDUMP:    Not Supported 
TABLES: total:12 | filtered:0 | create:12 
FILTERED: [] 
SQL CREATED: 20160212_cecs300_56be5ab6262fc7354160212222038_database.sql 
SQL FILE SIZE: 598.98KB (613351) 
SQL FILE TIME: 2016-02-12 22:20:55 
SQL RUNTIME: 0.23 sec. 

******************************************************************************** 
ARCHIVE (ZIP): 
******************************************************************************** 
ARCHIVE DIR:  C:/Users/ibreaker/Documents/Websites/cecs300.dev 
ARCHIVE FILE: 20160212_cecs300_56be5ab6262fc7354160212222038_archive.zip 
FILTERS: *OFF* 
DIRS:  not set 
EXTS:  not set 
---------------------------------------- 
COMPRESSING 
SIZE:	64.74MB 
STATS:	Dirs 768 | Files 6,356 
SQL ADDED: 20160212_cecs300_56be5ab6262fc7354160212222038_database.sql 
ZipArchive Object
(
    [status] => 0
    [statusSys] => 0
    [numFiles] => 7124
    [filename] => C:\Users\ibreaker\Documents\Websites\cecs300.dev\wp-snapshots\tmp\20160212_cecs300_56be5ab6262fc7354160212222038_archive.zip
    [comment] => 
)
 
COMPRESSION RESULT: '1' 
COMPRESSED SIZE: 35.64MB 
ARCHIVE RUNTIME: 22.59 sec. 
MEMORY STACK: 22MB 

******************************************************************************** 
MAKE INSTALLER: 
******************************************************************************** 
Build Start 
Build Finished 
Preping for use 
Template parsed with new data 
Complete [C:/Users/ibreaker/Documents/Websites/cecs300.dev/wp-snapshots/tmp/20160212_cecs300_56be5ab6262fc7354160212222038_installer.php] 
Added to archive 

******************************************************************************** 
INTEGRITY CHECKS: 
******************************************************************************** 
SQL File: 598.98KB 
Installer File: 318.85KB 
Archive File: 35.64MB  

********************************************************************************
RECORD ID:[1]
TOTAL PROCESS RUNTIME: 23.91 sec.
PEAK PHP MEMORY USED: 23.5MB
DONE PROCESSING => 20160212_cecs300 2016-02-12 22:21:19
 
